<?xml version="1.0" encoding="UTF-8"?>
<testng-results ignored="0" total="1" passed="1" failed="0" skipped="0">
  <reporter-output>
  </reporter-output>
  <suite started-at="2025-01-02T21:53:02 EET" name="Default suite" finished-at="2025-01-02T21:53:04 EET" duration-ms="1965">
    <groups>
    </groups>
    <test started-at="2025-01-02T21:53:02 EET" name="Default test" finished-at="2025-01-02T21:53:04 EET" duration-ms="1965">
      <class name="hello.soso">
        <test-method is-config="true" signature="mySetup()[pri:0, instance:hello.soso@f80945f]" started-at="2025-01-02T21:53:02 EET" name="mySetup" finished-at="2025-01-02T21:53:04 EET" duration-ms="1882" status="PASS">
          <reporter-output>
          </reporter-output>
        </test-method> <!-- mySetup -->
        <test-method signature="myTest()[pri:0, instance:hello.soso@f80945f]" started-at="2025-01-02T21:53:04 EET" name="myTest" finished-at="2025-01-02T21:53:04 EET" duration-ms="38" status="PASS">
          <reporter-output>
          </reporter-output>
        </test-method> <!-- myTest -->
      </class> <!-- hello.soso -->
    </test> <!-- Default test -->
  </suite> <!-- Default suite -->
</testng-results>
